<?xml version="1.0" encoding="UTF-8"?>
<!-- Generated by org.testng.reporters.JUnitXMLReporter -->
<testsuite ignored="0" hostname="Ashish" failures="0" tests="1" name="Default test(failed)(failed)" time="0.098" errors="0" timestamp="2022-10-02T22:57:34 IST">
  <testcase classname="Sauce_Demo_TestClass.Test_BAse_Class_SauceDemo" name="@BeforeMethod Setup" time="-1.664731654068E9">
    <failure type="org.testng.TestNGException" message="
Parameter &amp;apos;BrowserName&amp;apos; is required by BeforeMethod on method Setup but has not been marked @Optional or defined
in C:\Users\Ashish Gole\eclipse-workspace\Sauce_Demo_Mavan\test-output\testng-failed.xml">
      <![CDATA[org.testng.TestNGException: 
Parameter 'BrowserName' is required by BeforeMethod on method Setup but has not been marked @Optional or defined
in C:\Users\Ashish Gole\eclipse-workspace\Sauce_Demo_Mavan\test-output\testng-failed.xml
at java.base/java.util.ArrayList.forEach(ArrayList.java:1511)
... Removed 28 stack frames]]>
    </failure>
  </testcase> <!-- @BeforeMethod Setup -->
  <testcase classname="Sauce_Demo_TestClass.Test_BAse_Class_SauceDemo" name="@AfterMethod tearDown" time="-1.664731654103E9">
    <skipped/>
  </testcase> <!-- @AfterMethod tearDown -->
  <testcase classname="Sauce_Demo_TestClass.TC_07_Sauce_Demo_Verify_RemoveProduct_CArt" name="Verify_RemoveProduct_CArt" time="0.0">
    <skipped/>
  </testcase> <!-- Verify_RemoveProduct_CArt -->
</testsuite> <!-- Default test(failed)(failed) -->
